-------------------------------------------------------------------------------
Test set: com.endava.petclinic.owner.GetOwnerListTest
-------------------------------------------------------------------------------
Tests run: 1, Failures: 0, Errors: 1, Skipped: 0, Time elapsed: 0.023 s <<< FAILURE! - in com.endava.petclinic.owner.GetOwnerListTest
com.endava.petclinic.owner.GetOwnerListTest.shouldGetOwnerList  Time elapsed: 0.022 s  <<< ERROR!
java.lang.NoClassDefFoundError: Could not initialize class com.endava.petclinic.model.util.EnvReader
	at com.endava.petclinic.owner.GetOwnerListTest.shouldGetOwnerList(GetOwnerListTest.java:20)

