<?xml version="1.0" encoding="UTF-8"?>
<testsuite xmlns:xsi="http://www.w3.org/2001/XMLSchema-instance" xsi:noNamespaceSchemaLocation="https://maven.apache.org/surefire/maven-surefire-plugin/xsd/surefire-test-report-3.0.xsd" version="3.0" name="com.endava.petclinic.FirstTest" time="3.034" tests="5" errors="1" skipped="0" failures="2">
  <properties>
[...]
</properties>
  <testcase name="createOwner" classname="com.endava.petclinic.FirstTest" time="2.284">
    <system-out><![CDATA[{"id":null,"firstName":"Dinu","lastName":"Dragomir","address":"Piata","city":"Jilava","telephone":"032131231"}
Request method:	POST
Request URI:	http://bhdtest.endava.com:8080/petclinic/api/owners
Proxy:			<none>
Request params:	<none>
Query params:	<none>
Form params:	<none>
Path params:	<none>
Headers:		Accept=*/*
				Content-Type=application/json
Cookies:		<none>
Multiparts:		<none>
Body:
{
    "id": null,
    "firstName": "Dinu",
    "lastName": "Dragomir",
    "address": "Piata",
    "city": "Jilava",
    "telephone": "032131231"
}
HTTP/1.1 201 Created
Server: Apache-Coyote/1.1
Location: http://bhdtest.endava.com:8080/petclinic/api/owners/274
Content-Type: application/json;charset=UTF-8
Transfer-Encoding: chunked
Date: Mon, 31 Jan 2022 11:22:03 GMT

{
    "id": 274,
    "firstName": "Dinu",
    "lastName": "Dragomir",
    "address": "Piata",
    "city": "Jilava",
    "telephone": "032131231",
    "pets": [
        
    ]
}
]]></system-out>
  </testcase>
  <testcase name="getOwnerById(Long)" classname="com.endava.petclinic.FirstTest" time="0.002">
    <error type="org.junit.jupiter.api.extension.ParameterResolutionException"><![CDATA[org.junit.jupiter.api.extension.ParameterResolutionException: No ParameterResolver registered for parameter [java.lang.Long arg0] in method [public void com.endava.petclinic.FirstTest.getOwnerById(java.lang.Long)].
]]></error>
  </testcase>
  <testcase name="firstTest" classname="com.endava.petclinic.FirstTest" time="0.474">
    <system-out><![CDATA[Request method:	GET
Request URI:	http://bhdtest.endava.com:8080/petclinic/api/owners
Proxy:			<none>
Request params:	<none>
Query params:	<none>
Form params:	<none>
Path params:	<none>
Headers:		Accept=*/*
Cookies:		<none>
Multiparts:		<none>
Body:			<none>
HTTP/1.1 200 OK
Server: Apache-Coyote/1.1
Content-Type: application/json;charset=UTF-8
Transfer-Encoding: chunked
Date: Mon, 31 Jan 2022 11:22:03 GMT

[
    {
        "id": 2,
        "firstName": "Betty",
        "lastName": "Davis",
        "address": "638 Cardinal Ave.",
        "city": "Sun Prairie",
        "telephone": "6085551749",
        "pets": [
            {
                "id": 2,
                "name": "Basil",
                "birthDate": "2002/08/06",
                "type": {
                    "id": 6,
                    "name": "hamster"
                },
                "owner": 2,
                "visits": [
                    
                ]
            }
        ]
    },
    {
        "id": 3,
        "firstName": "Eduardo",
        "lastName": "Rodriquez",
        "address": "2693 Commerce St.",
        "city": "McFarland",
        "telephone": "6085558763",
        "pets": [
            {
                "id": 4,
                "name": "Jewel",
                "birthDate": "2000/03/07",
                "type": {
                    "id": 2,
                    "name": "dog"
                },
                "owner": 3,
                "visits": [
                    
                ]
            },
            {
                "id": 3,
                "name": "Rosy",
                "birthDate": "2001/04/17",
                "type": {
                    "id": 2,
                    "name": "dog"
                },
                "owner": 3,
                "visits": [
                    
                ]
            }
        ]
    },
    {
        "id": 4,
        "firstName": "Harold",
        "lastName": "Davis",
        "address": "563 Friendly St.",
        "city": "Windsor",
        "telephone": "6085553198",
        "pets": [
            {
                "id": 5,
                "name": "Iggy",
                "birthDate": "2000/11/30",
                "type": {
                    "id": 3,
                    "name": "lizard"
                },
                "owner": 4,
                "visits": [
                    
                ]
            }
        ]
    },
    {
        "id": 5,
        "firstName": "Peter",
        "lastName": "McTavish",
        "address": "2387 S. Fair Way",
        "city": "Madison",
        "telephone": "6085552765",
        "pets": [
            {
                "id": 6,
                "name": "George",
                "birthDate": "2000/01/20",
                "type": {
                    "id": 4,
                    "name": "snake"
                },
                "owner": 5,
                "visits": [
                    
                ]
            }
        ]
    },
    {
        "id": 6,
        "firstName": "Jean",
        "lastName": "Coleman",
        "address": "105 N. Lake St.",
        "city": "Monona",
        "telephone": "6085552654",
        "pets": [
            {
                "id": 8,
                "name": "Max",
                "birthDate": "1995/09/04",
                "type": {
                    "id": 1,
                    "name": "cat"
                },
                "owner": 6,
                "visits": [
                    {
                        "id": 2,
                        "date": "2011/03/04",
                        "description": "rabies shot",
                        "pet": 8
                    },
                    {
                        "id": 3,
                        "date": "2009/06/04",
                        "description": "neutered",
                        "pet": 8
                    }
                ]
            },
            {
                "id": 7,
                "name": "Samantha",
                "birthDate": "1995/09/04",
                "type": {
                    "id": 1,
                    "name": "cat"
                },
                "owner": 6,
                "visits": [
                    {
                        "id": 1,
                        "date": "2010/03/04",
                        "description": "rabies shot",
                        "pet": 7
                    },
                    {
                        "id": 4,
                        "date": "2008/09/04",
                        "description": "spayed",
                        "pet": 7
                    }
                ]
            }
        ]
    },
    {
        "id": 7,
        "firstName": "Jeff",
        "lastName": "Black",
        "address": "1450 Oak Blvd.",
        "city": "Monona",
        "telephone": "6085555387",
        "pets": [
            {
                "id": 9,
                "name": "Lucky",
                "birthDate": "1999/08/06",
                "type": {
                    "id": 5,
                    "name": "bird"
                },
                "owner": 7,
                "visits": [
                    
                ]
            }
        ]
    },
    {
        "id": 8,
        "firstName": "Maria",
        "lastName": "Escobito",
        "address": "345 Maple St.",
        "city": "Madison",
        "telephone": "6085557683",
        "pets": [
            {
                "id": 10,
                "name": "Mulligan",
                "birthDate": "1997/02/24",
                "type": {
                    "id": 2,
                    "name": "dog"
                },
                "owner": 8,
                "visits": [
                    
                ]
            }
        ]
    },
    {
        "id": 9,
        "firstName": "David",
        "lastName": "Schroeder",
        "address": "2749 Blackhawk Trail",
        "city": "Madison",
        "telephone": "6085559435",
        "pets": [
            {
                "id": 11,
                "name": "Freddy",
                "birthDate": "2000/03/09",
                "type": {
                    "id": 5,
                    "name": "bird"
                },
                "owner": 9,
                "visits": [
                    
                ]
            }
        ]
    },
    {
        "id": 10,
        "firstName": "Carlos",
        "lastName": "Estaban",
        "address": "2335 Independence La.",
        "city": "Waunakee",
        "telephone": "6085555487",
        "pets": [
            {
                "id": 12,
                "name": "Lucky",
                "birthDate": "2000/06/24",
                "type": {
                    "id": 2,
                    "name": "dog"
                },
                "owner": 10,
                "visits": [
                    
                ]
            },
            {
                "id": 13,
                "name": "Sly",
                "birthDate": "2002/06/08",
                "type": {
                    "id": 1,
                    "name": "cat"
                },
                "owner": 10,
                "visits": [
                    
                ]
            }
        ]
    },
    {
        "id": 11,
        "firstName": "Dinu",
        "lastName": "Dragomir",
        "address": "Piata",
        "city": "Jilava",
        "telephone": "032131231",
        "pets": [
            
        ]
    },
    {
        "id": 12,
        "firstName": "Danny",
        "lastName": "DeVito",
        "address": "Wherever he wants",
        "city": "LA",
        "telephone": "888302",
        "pets": [
            
        ]
    },
    {
        "id": 13,
        "firstName": "John",
        "lastName": "Doe",
        "address": "12 Oak Blvd.",
        "city": "DC",
        "telephone": "0744458744",
        "pets": [
            
        ]
    },
    {
        "id": 14,
        "firstName": "Steve",
        "lastName": "Hardy",
        "address": "NY",
        "city": "NY",
        "telephone": "0214556666",
        "pets": [
            
        ]
    },
    {
        "id": 15,
        "firstName": "Steve",
        "lastName": "Jobs",
        "address": "NY",
        "city": "Ny",
        "telephone": "32131231",
        "pets": [
            
        ]
    },
    {
        "id": 16,
        "firstName": "Steve",
        "lastName": "Hardy",
        "address": "NY",
        "city": "NY",
        "telephone": "09876543",
        "pets": [
            
        ]
    },
    {
        "id": 17,
        "firstName": "John",
        "lastName": "Doe",
        "address": "12 Oak Blvd.",
        "city": "DC",
        "telephone": "0744458744",
        "pets": [
            
        ]
    },
    {
        "id": 18,
        "firstName": "Alex",
        "lastName": "Velea",
        "address": "NY",
        "city": "NY",
        "telephone": "0736251789",
        "pets": [
            
        ]
    },
    {
        "id": 19,
        "firstName": "Steve",
        "lastName": "Johnson",
        "address": "New York",
        "city": "NY",
        "telephone": "3242432423",
        "pets": [
            
        ]
    },
    {
        "id": 20,
        "firstName": "James",
        "lastName": "Bond",
        "address": "queen avenue",
        "city": "London",
        "telephone": "81938219",
        "pets": [
            
        ]
    },
    {
        "id": 21,
        "firstName": "Steve",
        "lastName": "Hardy",
        "address": "NY",
        "city": "NY",
        "telephone": "637383838",
        "pets": [
            
        ]
    },
    {
        "id": 22,
        "firstName": "Madison",
        "lastName": "Carly",
        "address": "NY",
        "city": "NY",
        "telephone": "5584589",
        "pets": [
            
        ]
    },
    {
        "id": 23,
        "firstName": "Miticaa",
        "lastName": "Dragosmir",
        "address": "Brutariee",
        "city": "Jilavaa",
        "telephone": "075833733",
        "pets": [
            
        ]
    },
    {
        "id": 24,
        "firstName": "John",
        "lastName": "Snow",
        "address": "LA",
        "city": "LA",
        "telephone": "0742555444",
        "pets": [
            
        ]
    },
    {
        "id": 25,
        "firstName": "Steve",
        "lastName": "Hardy",
        "address": "NY",
        "city": "NY",
        "telephone": "637383838",
        "pets": [
            
        ]
    },
    {
        "id": 26,
        "firstName": "John",
        "lastName": "Doe",
        "address": "Dublin",
        "city": "Dub",
        "telephone": "1234567",
        "pets": [
            
        ]
    },
    {
        "id": 27,
        "firstName": "Gigi",
        "lastName": "Becali",
        "address": "Ro",
        "city": "Ro",
        "telephone": "0214443322",
        "pets": [
            
        ]
    },
    {
        "id": 32,
        "firstName": "John",
        "lastName": "Doe",
        "address": "TX",
        "city": "Texas",
        "telephone": "0356289436",
        "pets": [
            
        ]
    },
    {
        "id": 35,
        "firstName": "John",
        "lastName": "Cena",
        "address": "TX",
        "city": "Texas",
        "telephone": "783843843",
        "pets": [
            
        ]
    },
    {
        "id": 36,
        "firstName": "John",
        "lastName": "Cena",
        "address": "TX",
        "city": "Texas",
        "telephone": "086564455",
        "pets": [
            
        ]
    },
    {
        "id": 37,
        "firstName": "John",
        "lastName": "Cena",
        "address": "TX",
        "city": "Texas",
        "telephone": "783843843",
        "pets": [
            
        ]
    },
    {
        "id": 38,
        "firstName": "John",
        "lastName": "Doe",
        "address": "TX",
        "city": "Texas",
        "telephone": "0356289436",
        "pets": [
            
        ]
    },
    {
        "id": 39,
        "firstName": "Alex",
        "lastName": "Velea",
        "address": "NY",
        "city": "NY",
        "telephone": "0736251789",
        "pets": [
            
        ]
    },
    {
        "id": 40,
        "firstName": "John",
        "lastName": "Doe",
        "address": "TX",
        "city": "Texas",
        "telephone": "0356289436",
        "pets": [
            
        ]
    },
    {
        "id": 41,
        "firstName": "John",
        "lastName": "Cena",
        "address": "TX",
        "city": "Texas",
        "telephone": "783843843",
        "pets": [
            
        ]
    },
    {
        "id": 42,
        "firstName": "John",
        "lastName": "Cena",
        "address": "TX",
        "city": "Texas",
        "telephone": "086564455",
        "pets": [
            
        ]
    },
    {
        "id": 43,
        "firstName": "John",
        "lastName": "Cena",
        "address": "TX",
        "city": "Texas",
        "telephone": "783843843",
        "pets": [
            
        ]
    },
    {
        "id": 44,
        "firstName": "John",
        "lastName": "Cena",
        "address": "TX",
        "city": "Texas",
        "telephone": "086564455",
        "pets": [
            
        ]
    },
    {
        "id": 45,
        "firstName": "John",
        "lastName": "Doe",
        "address": "TX",
        "city": "Texas",
        "telephone": "0356289436",
        "pets": [
            
        ]
    },
    {
        "id": 46,
        "firstName": "John",
        "lastName": "Cena",
        "address": "TX",
        "city": "Texas",
        "telephone": "086564455",
        "pets": [
            
        ]
    },
    {
        "id": 47,
        "firstName": "John",
        "lastName": "Cena",
        "address": "TX",
        "city": "Texas",
        "telephone": "783843843",
        "pets": [
            
        ]
    },
    {
        "id": 52,
        "firstName": "John",
        "lastName": "Cena",
        "address": "TX",
        "city": "Texas",
        "telephone": "0456211445",
        "pets": [
            
        ]
    },
    {
        "id": 53,
        "firstName": "John",
        "lastName": "Doe",
        "address": "TX",
        "city": "Texas",
        "telephone": "0356289436",
        "pets": [
            
        ]
    },
    {
        "id": 54,
        "firstName": "Zinedine",
        "lastName": "Zidane",
        "address": "champs elysees",
        "city": "paris",
        "telephone": "361721",
        "pets": [
            
        ]
    },
    {
        "id": 55,
        "firstName": "John",
        "lastName": "Ruby",
        "address": "LA",
        "city": "LA",
        "telephone": "5255254",
        "pets": [
            
        ]
    },
    {
        "id": 56,
        "firstName": "Eugen",
        "lastName": "Liviu",
        "address": "LA",
        "city": "LA",
        "telephone": "32312322",
        "pets": [
            
        ]
    },
    {
        "id": 57,
        "firstName": "Doe",
        "lastName": "John",
        "address": "RO",
        "city": "RO",
        "telephone": "1234567",
        "pets": [
            
        ]
    },
    {
        "id": 58,
        "firstName": "Joe",
        "lastName": "Macarena",
        "address": "Nevada",
        "city": "Bangalore",
        "telephone": "888213221",
        "pets": [
            
        ]
    },
    {
        "id": 59,
        "firstName": "John",
        "lastName": "Cena",
        "address": "TX",
        "city": "Texas",
        "telephone": "086564455",
        "pets": [
            
        ]
    },
    {
        "id": 60,
        "firstName": "Zinedine",
        "lastName": "Zidane",
        "address": "champs elysees",
        "city": "paris",
        "telephone": "361721",
        "pets": [
            
        ]
    },
    {
        "id": 61,
        "firstName": "Doe",
        "lastName": "John",
        "address": "RO",
        "city": "RO",
        "telephone": "1234567",
        "pets": [
            
        ]
    },
    {
        "id": 62,
        "firstName": "John",
        "lastName": "Snow",
        "address": "LA",
        "city": "LA",
        "telephone": "0742555444",
        "pets": [
            
        ]
    },
    {
        "id": 63,
        "firstName": "John",
        "lastName": "Cenna",
        "address": "TX",
        "city": "Texaz",
        "telephone": "324523532",
        "pets": [
            
        ]
    },
    {
        "id": 64,
        "firstName": "John",
        "lastName": "Cena",
        "address": "TX",
        "city": "Texas",
        "telephone": "783843843",
        "pets": [
            
        ]
    },
    {
        "id": 65,
        "firstName": "John",
        "lastName": "Snow",
        "address": "LA",
        "city": "LA",
        "telephone": "0742555444",
        "pets": [
            
        ]
    },
    {
        "id": 66,
        "firstName": "John",
        "lastName": "Cena",
        "address": "TX",
        "city": "Austin",
        "telephone": "0284727562",
        "pets": [
            
        ]
    },
    {
        "id": 67,
        "firstName": "John",
        "lastName": "Ruby",
        "address": "LA",
        "city": "LA",
        "telephone": "5255254",
        "pets": [
            
        ]
    },
    {
        "id": 68,
        "firstName": "Zinedine",
        "lastName": "Zidane",
        "address": "champs elysees",
        "city": "paris",
        "telephone": "361721",
        "pets": [
            
        ]
    },
    {
        "id": 69,
        "firstName": "John",
        "lastName": "Cena",
        "address": "TX",
        "city": "Texas",
        "telephone": "0456211445",
        "pets": [
            
        ]
    },
    {
        "id": 70,
        "firstName": "Joe",
        "lastName": "Macarena",
        "address": "Nevada",
        "city": "Bangalore",
        "telephone": "888213221",
        "pets": [
            
        ]
    },
    {
        "id": 71,
        "firstName": "John",
        "lastName": "Doe",
        "address": "12 Oak Blvd.",
        "city": "DC",
        "telephone": "0744458744",
        "pets": [
            
        ]
    },
    {
        "id": 72,
        "firstName": "Eugen",
        "lastName": "Liviu",
        "address": "LA",
        "city": "LA",
        "telephone": "32312322",
        "pets": [
            
        ]
    },
    {
        "id": 73,
        "firstName": "Doe",
        "lastName": "John",
        "address": "RO",
        "city": "RO",
        "telephone": "1234567",
        "pets": [
            
        ]
    },
    {
        "id": 74,
        "firstName": "John",
        "lastName": "Doe",
        "address": "TX",
        "city": "Texas",
        "telephone": "0356289436",
        "pets": [
            
        ]
    },
    {
        "id": 75,
        "firstName": "John",
        "lastName": "Cena",
        "address": "TX",
        "city": "Austin",
        "telephone": "0284727562",
        "pets": [
            
        ]
    },
    {
        "id": 76,
        "firstName": "John",
        "lastName": "Cena",
        "address": "TX",
        "city": "Texas",
        "telephone": "783843843",
        "pets": [
            
        ]
    },
    {
        "id": 78,
        "firstName": "John",
        "lastName": "Doe",
        "address": "12 Oak Blvd.",
        "city": "DC",
        "telephone": "0744458744",
        "pets": [
            
        ]
    },
    {
        "id": 79,
        "firstName": "John",
        "lastName": "Doe",
        "address": "TX",
        "city": "Texas",
        "telephone": "0356289436",
        "pets": [
            
        ]
    },
    {
        "id": 80,
        "firstName": "John",
        "lastName": "Cena",
        "address": "TX",
        "city": "Texas",
        "telephone": "0456211445",
        "pets": [
            
        ]
    },
    {
        "id": 81,
        "firstName": "John",
        "lastName": "Cena",
        "address": "TX",
        "city": "Texas",
        "telephone": "783843843",
        "pets": [
            
        ]
    },
    {
        "id": 82,
        "firstName": "John",
        "lastName": "Cenna",
        "address": "TX",
        "city": "Texaz",
        "telephone": "324523532",
        "pets": [
            
        ]
    },
    {
        "id": 83,
        "firstName": "John",
        "lastName": "Cena",
        "address": "TX",
        "city": "Texas",
        "telephone": "086564455",
        "pets": [
            
        ]
    },
    {
        "id": 84,
        "firstName": "Eugen",
        "lastName": "Liviu",
        "address": "LA",
        "city": "LA",
        "telephone": "32312322",
        "pets": [
            
        ]
    },
    {
        "id": 85,
        "firstName": "John",
        "lastName": "Ruby",
        "address": "LA",
        "city": "LA",
        "telephone": "5255254",
        "pets": [
            
        ]
    },
    {
        "id": 86,
        "firstName": "Zinedine",
        "lastName": "Zidane",
        "address": "champs elysees",
        "city": "paris",
        "telephone": "361721",
        "pets": [
            
        ]
    },
    {
        "id": 87,
        "firstName": "Doe",
        "lastName": "John",
        "address": "RO",
        "city": "RO",
        "telephone": "1234567",
        "pets": [
            
        ]
    },
    {
        "id": 88,
        "firstName": "John",
        "lastName": "Cena",
        "address": "TX",
        "city": "Austin",
        "telephone": "0284727562",
        "pets": [
            
        ]
    },
    {
        "id": 89,
        "firstName": "John",
        "lastName": "Cena",
        "address": "TX",
        "city": "Texas",
        "telephone": "0456211445",
        "pets": [
            
        ]
    },
    {
        "id": 90,
        "firstName": "Zinedine",
        "lastName": "Zidane",
        "address": "champs elysees",
        "city": "paris",
        "telephone": "361721",
        "pets": [
            
        ]
    },
    {
        "id": 91,
        "firstName": "John",
        "lastName": "Cena",
        "address": "TX",
        "city": "Texas",
        "telephone": "783843843",
        "pets": [
            
        ]
    },
    {
        "id": 92,
        "firstName": "John",
        "lastName": "Cenna",
        "address": "TX",
        "city": "Texaz",
        "telephone": "324523532",
        "pets": [
            
        ]
    },
    {
        "id": 93,
        "firstName": "John",
        "lastName": "Cenna",
        "address": "TX",
        "city": "Texaz",
        "telephone": "324523532",
        "pets": [
            
        ]
    },
    {
        "id": 94,
        "firstName": "John",
        "lastName": "Doe",
        "address": "12 Oak Blvd.",
        "city": "DC",
        "telephone": "0744458744",
        "pets": [
            
        ]
    },
    {
        "id": 95,
        "firstName": "John",
        "lastName": "Cena",
        "address": "12 Oak Blvd.",
        "city": "DC",
        "telephone": "0744458744",
        "pets": [
            
        ]
    },
    {
        "id": 96,
        "firstName": "Doe",
        "lastName": "John",
        "address": "RO",
        "city": "RO",
        "telephone": "1234567",
        "pets": [
            
        ]
    },
    {
        "id": 97,
        "firstName": "Zinedine",
        "lastName": "Zidane",
        "address": "champs elysees",
        "city": "paris",
        "telephone": "361721",
        "pets": [
            
        ]
    },
    {
        "id": 98,
        "firstName": "John",
        "lastName": "Cena",
        "address": "TX",
        "city": "Texas",
        "telephone": "0456211445",
        "pets": [
            
        ]
    },
    {
        "id": 99,
        "firstName": "John",
        "lastName": "Doe",
        "address": "TX",
        "city": "Texas",
        "telephone": "0356289436",
        "pets": [
            
        ]
    },
    {
        "id": 100,
        "firstName": "Eugen",
        "lastName": "Liviu",
        "address": "LA",
        "city": "LA",
        "telephone": "32312322",
        "pets": [
            
        ]
    },
    {
        "id": 101,
        "firstName": "John",
        "lastName": "Cena",
        "address": "TX",
        "city": "Texas",
        "telephone": "086564455",
        "pets": [
            
        ]
    },
    {
        "id": 102,
        "firstName": "Joe",
        "lastName": "Macarena",
        "address": "Nevada",
        "city": "Bangalore",
        "telephone": "888213221",
        "pets": [
            
        ]
    },
    {
        "id": 103,
        "firstName": "John",
        "lastName": "Cenna",
        "address": "TX",
        "city": "Texaz",
        "telephone": "324523532",
        "pets": [
            
        ]
    },
    {
        "id": 104,
        "firstName": "John",
        "lastName": "Doe",
        "address": "TX",
        "city": "Texas",
        "telephone": "0356289436",
        "pets": [
            
        ]
    },
    {
        "id": 105,
        "firstName": "Zinedine",
        "lastName": "Zidane",
        "address": "champs elysees",
        "city": "paris",
        "telephone": "361721",
        "pets": [
            
        ]
    },
    {
        "id": 106,
        "firstName": "Eugen",
        "lastName": "Liviu",
        "address": "LA",
        "city": "LA",
        "telephone": "32312322",
        "pets": [
            
        ]
    },
    {
        "id": 107,
        "firstName": "John",
        "lastName": "Cenna",
        "address": "TX",
        "city": "Texaz",
        "telephone": "324523532",
        "pets": [
            
        ]
    },
    {
        "id": 108,
        "firstName": "Doe",
        "lastName": "John",
        "address": "RO",
        "city": "RO",
        "telephone": "1234567",
        "pets": [
            
        ]
    },
    {
        "id": 109,
        "firstName": "John",
        "lastName": "Cena",
        "address": "TX",
        "city": "Texas",
        "telephone": "0456211445",
        "pets": [
            
        ]
    },
    {
        "id": 110,
        "firstName": "Joe",
        "lastName": "Macarena",
        "address": "Nevada",
        "city": "Bangalore",
        "telephone": "888213221",
        "pets": [
            
        ]
    },
    {
        "id": 111,
        "firstName": "John",
        "lastName": "Cena",
        "address": "TX",
        "city": "Texas",
        "telephone": "086564455",
        "pets": [
            
        ]
    },
    {
        "id": 112,
        "firstName": "John",
        "lastName": "Ruby",
        "address": "LA",
        "city": "LA",
        "telephone": "5255254",
        "pets": [
            
        ]
    },
    {
        "id": 113,
        "firstName": "John",
        "lastName": "Cena",
        "address": "TX",
        "city": "Austin",
        "telephone": "0284727562",
        "pets": [
            
        ]
    },
    {
        "id": 114,
        "firstName": "John",
        "lastName": "Doe",
        "address": "TX",
        "city": "Texas",
        "telephone": "0356289436",
        "pets": [
            
        ]
    },
    {
        "id": 115,
        "firstName": "John",
        "lastName": "Cena",
        "address": "12 Oak Blvd.",
        "city": "DC",
        "telephone": "0744458744",
        "pets": [
            
        ]
    },
    {
        "id": 116,
        "firstName": "Joe",
        "lastName": "Macarena",
        "address": "Nevada",
        "city": "Bangalore",
        "telephone": "888213221",
        "pets": [
            
        ]
    },
    {
        "id": 117,
        "firstName": "John",
        "lastName": "Cena",
        "address": "TX",
        "city": "Texas",
        "telephone": "086564455",
        "pets": [
            
        ]
    },
    {
        "id": 118,
        "firstName": "Donald",
        "lastName": "Trump",
        "address": "NY",
        "city": "NY",
        "telephone": "0214443322",
        "pets": [
            
        ]
    },
    {
        "id": 119,
        "firstName": "John",
        "lastName": "Cenna",
        "address": "TX",
        "city": "Texaz",
        "telephone": "324523532",
        "pets": [
            
        ]
    },
    {
        "id": 120,
        "firstName": "Joe",
        "lastName": "Macarena",
        "address": "Nevada",
        "city": "Bangalore",
        "telephone": "888213221",
        "pets": [
            
        ]
    },
    {
        "id": 121,
        "firstName": "John",
        "lastName": "Cenna",
        "address": "TX",
        "city": "Texaz",
        "telephone": "324523532",
        "pets": [
            
        ]
    },
    {
        "id": 122,
        "firstName": "John",
        "lastName": "Cena",
        "address": "TX",
        "city": "Texas",
        "telephone": "086564455",
        "pets": [
            
        ]
    },
    {
        "id": 123,
        "firstName": "John",
        "lastName": "Snow",
        "address": "LA",
        "city": "LA",
        "telephone": "0742555444",
        "pets": [
            
        ]
    },
    {
        "id": 124,
        "firstName": "John",
        "lastName": "Doe",
        "address": "TX",
        "city": "Texas",
        "telephone": "0356289436",
        "pets": [
            
        ]
    },
    {
        "id": 125,
        "firstName": "John",
        "lastName": "Cenna",
        "address": "TX",
        "city": "Texaz",
        "telephone": "324523532",
        "pets": [
            
        ]
    },
    {
        "id": 126,
        "firstName": "John",
        "lastName": "Cena",
        "address": "12 Oak Blvd.",
        "city": "DC",
        "telephone": "0744458744",
        "pets": [
            
        ]
    },
    {
        "id": 127,
        "firstName": "John",
        "lastName": "Cena",
        "address": "12 Oak Blvd.",
        "city": "DC",
        "telephone": "0744458744",
        "pets": [
            
        ]
    },
    {
        "id": 128,
        "firstName": "John",
        "lastName": "Doe",
        "address": "TX",
        "city": "Texas",
        "telephone": "0356289436",
        "pets": [
            
        ]
    },
    {
        "id": 129,
        "firstName": "John",
        "lastName": "Cenna",
        "address": "TX",
        "city": "Texaz",
        "telephone": "324523532",
        "pets": [
            
        ]
    },
    {
        "id": 130,
        "firstName": "Donald",
        "lastName": "Trump",
        "address": "NY",
        "city": "NY",
        "telephone": "0214443322",
        "pets": [
            
        ]
    },
    {
        "id": 131,
        "firstName": "John",
        "lastName": "Cena",
        "address": "12 Oak Blvd.",
        "city": "DC",
        "telephone": "0744458744",
        "pets": [
            
        ]
    },
    {
        "id": 132,
        "firstName": "Donald",
        "lastName": "Trump",
        "address": "NY",
        "city": "NY",
        "telephone": "0214443322",
        "pets": [
            
        ]
    },
    {
        "id": 133,
        "firstName": "John",
        "lastName": "Doe",
        "address": "TX",
        "city": "Texas",
        "telephone": "0356289436",
        "pets": [
            
        ]
    },
    {
        "id": 134,
        "firstName": "Joe",
        "lastName": "Macarena",
        "address": "Nevada",
        "city": "Bangalore",
        "telephone": "888213221",
        "pets": [
            
        ]
    },
    {
        "id": 135,
        "firstName": "John",
        "lastName": "Snow",
        "address": "LA",
        "city": "LA",
        "telephone": "0742555444",
        "pets": [
            
        ]
    },
    {
        "id": 136,
        "firstName": "John",
        "lastName": "Doe",
        "address": "TX",
        "city": "Texas",
        "telephone": "0356289436",
        "pets": [
            
        ]
    },
    {
        "id": 137,
        "firstName": "John",
        "lastName": "Ruby",
        "address": "LA",
        "city": "LA",
        "telephone": "5255254",
        "pets": [
            
        ]
    },
    {
        "id": 138,
        "firstName": "Eugen",
        "lastName": "Liviu",
        "address": "LA",
        "city": "LA",
        "telephone": "32312322",
        "pets": [
            
        ]
    },
    {
        "id": 139,
        "firstName": "John",
        "lastName": "Cena",
        "address": "TX",
        "city": "Texas",
        "telephone": "783843843",
        "pets": [
            
        ]
    },
    {
        "id": 140,
        "firstName": "John",
        "lastName": "Doe",
        "address": "TX",
        "city": "Texas",
        "telephone": "0356289436",
        "pets": [
            
        ]
    },
    {
        "id": 141,
        "firstName": "John",
        "lastName": "Doe",
        "address": "TX",
        "city": "Texas",
        "telephone": "0356289436",
        "pets": [
            
        ]
    },
    {
        "id": 142,
        "firstName": "John",
        "lastName": "Doe",
        "address": "TX",
        "city": "Texas",
        "telephone": "0356289436",
        "pets": [
            
        ]
    },
    {
        "id": 143,
        "firstName": "John",
        "lastName": "Snow",
        "address": "LA",
        "city": "LA",
        "telephone": "0742555444",
        "pets": [
            
        ]
    },
    {
        "id": 144,
        "firstName": "John",
        "lastName": "Doe",
        "address": "TX",
        "city": "Texas",
        "telephone": "0356289436",
        "pets": [
            
        ]
    },
    {
        "id": 145,
        "firstName": "John",
        "lastName": "Snow",
        "address": "LA",
        "city": "LA",
        "telephone": "0742555444",
        "pets": [
            
        ]
    },
    {
        "id": 146,
        "firstName": "John",
        "lastName": "Ruby",
        "address": "LA",
        "city": "LA",
        "telephone": "5255254",
        "pets": [
            
        ]
    },
    {
        "id": 147,
        "firstName": "Steve",
        "lastName": "Hary",
        "address": "NY",
        "city": "Ny",
        "telephone": "0454588",
        "pets": [
            
        ]
    },
    {
        "id": 148,
        "firstName": "Steve",
        "lastName": "Hary",
        "address": "NY",
        "city": "Ny",
        "telephone": "0454588",
        "pets": [
            
        ]
    },
    {
        "id": 149,
        "firstName": "Steve",
        "lastName": "Hary",
        "address": "NY",
        "city": "Ny",
        "telephone": "0454588",
        "pets": [
            
        ]
    },
    {
        "id": 150,
        "firstName": "Johnny",
        "lastName": "Deep",
        "address": "CA",
        "city": "vva",
        "telephone": "098090",
        "pets": [
            
        ]
    },
    {
        "id": 151,
        "firstName": "Steve",
        "lastName": "Hary",
        "address": "NY",
        "city": "Ny",
        "telephone": "0454588",
        "pets": [
            
        ]
    },
    {
        "id": 153,
        "firstName": "Doe",
        "lastName": "John",
        "address": "RO",
        "city": "RO",
        "telephone": "1234567",
        "pets": [
            
        ]
    },
    {
        "id": 154,
        "firstName": "John",
        "lastName": "Cena",
        "address": "12 Oak Blvd.",
        "city": "DC",
        "telephone": "0744458744",
        "pets": [
            
        ]
    },
    {
        "id": 155,
        "firstName": "John",
        "lastName": "Doe",
        "address": "TX",
        "city": "Texas",
        "telephone": "0356289436",
        "pets": [
            
        ]
    },
    {
        "id": 156,
        "firstName": "Eugen",
        "lastName": "Liviu",
        "address": "LA",
        "city": "LA",
        "telephone": "32312322",
        "pets": [
            
        ]
    },
    {
        "id": 157,
        "firstName": "John",
        "lastName": "Snow",
        "address": "LA",
        "city": "LA",
        "telephone": "0742555444",
        "pets": [
            
        ]
    },
    {
        "id": 158,
        "firstName": "John",
        "lastName": "Cenna",
        "address": "TX",
        "city": "Texaz",
        "telephone": "324523532",
        "pets": [
            
        ]
    },
    {
        "id": 159,
        "firstName": "John",
        "lastName": "Ruby",
        "address": "LA",
        "city": "LA",
        "telephone": "5255254",
        "pets": [
            
        ]
    },
    {
        "id": 160,
        "firstName": "John",
        "lastName": "Cena",
        "address": "TX",
        "city": "Texas",
        "telephone": "0456211445",
        "pets": [
            
        ]
    },
    {
        "id": 161,
        "firstName": "John",
        "lastName": "Cena",
        "address": "TX",
        "city": "Texas",
        "telephone": "783843843",
        "pets": [
            
        ]
    },
    {
        "id": 162,
        "firstName": "John",
        "lastName": "Cena",
        "address": "TX",
        "city": "Texas",
        "telephone": "086564455",
        "pets": [
            
        ]
    },
    {
        "id": 163,
        "firstName": "Johnny",
        "lastName": "Deep",
        "address": "CA",
        "city": "vva",
        "telephone": "098090",
        "pets": [
            
        ]
    },
    {
        "id": 164,
        "firstName": "John",
        "lastName": "Cena",
        "address": "12 Oak Blvd.",
        "city": "DC",
        "telephone": "0744458744",
        "pets": [
            
        ]
    },
    {
        "id": 165,
        "firstName": "Joe",
        "lastName": "Macarena",
        "address": "Nevada",
        "city": "Bangalore",
        "telephone": "888213221",
        "pets": [
            
        ]
    },
    {
        "id": 166,
        "firstName": "Zinedine",
        "lastName": "Zidane",
        "address": "champs elysees",
        "city": "paris",
        "telephone": "361721",
        "pets": [
            
        ]
    },
    {
        "id": 167,
        "firstName": "John",
        "lastName": "Cena",
        "address": "12 Oak Blvd.",
        "city": "DC",
        "telephone": "0744458744",
        "pets": [
            
        ]
    },
    {
        "id": 168,
        "firstName": "Donald",
        "lastName": "Trump",
        "address": "NY",
        "city": "NY",
        "telephone": "0214443322",
        "pets": [
            
        ]
    },
    {
        "id": 169,
        "firstName": "Miticaa",
        "lastName": "Dragosmir",
        "address": "Brutariee",
        "city": "Jilavaa",
        "telephone": "075833733",
        "pets": [
            
        ]
    },
    {
        "id": 170,
        "firstName": "Miticaa",
        "lastName": "Dragosmir",
        "address": "Brutariee",
        "city": "Jilavaa",
        "telephone": "075833733",
        "pets": [
            
        ]
    },
    {
        "id": 171,
        "firstName": "Jamel",
        "lastName": "Bayer",
        "address": "87613 Jones Squares, Hobertstad, IL 31862",
        "city": "Port Freddiemouth",
        "telephone": "5233048",
        "pets": [
            
        ]
    },
    {
        "id": 172,
        "firstName": "Alejandra",
        "lastName": "Mills",
        "address": "Suite 297 653 Lindgren Highway, Lake Lamont, MS 70894",
        "city": "New Chas",
        "telephone": "7370445",
        "pets": [
            
        ]
    },
    {
        "id": 173,
        "firstName": "Romona",
        "lastName": "Langosh",
        "address": "Apt. 147 753 Jean Unions, Lake Rosalina, AR 96574",
        "city": "Williamsmouth",
        "telephone": "3609732",
        "pets": [
            
        ]
    },
    {
        "id": 174,
        "firstName": "Darius",
        "lastName": "Bradtke",
        "address": "40015 Norbert Passage, Olsonstad, IL 54406-5245",
        "city": "North Neilmouth",
        "telephone": "4408730",
        "pets": [
            
        ]
    },
    {
        "id": 175,
        "firstName": "Iola",
        "lastName": "Yost",
        "address": "056 Karin Corners, South Yuri, OK 73968-7804",
        "city": "New Minh",
        "telephone": "7866444",
        "pets": [
            
        ]
    },
    {
        "id": 176,
        "firstName": "Tatyana",
        "lastName": "Harris",
        "address": "Suite 609 6147 Quigley Glens, Brekkefort, WV 16975-8784",
        "city": "South Mirellaton",
        "telephone": "5266972",
        "pets": [
            
        ]
    },
    {
        "id": 177,
        "firstName": "Ned",
        "lastName": "Gusikowski",
        "address": "659 Pollich Orchard, West Kentside, CO 01139",
        "city": "Bernhardview",
        "telephone": "1222411",
        "pets": [
            
        ]
    },
    {
        "id": 178,
        "firstName": "Denae",
        "lastName": "Williamson",
        "address": "Suite 904 54642 Wiegand Ports, South Danemouth, VA 64874",
        "city": "Lake Lacey",
        "telephone": "5196293",
        "pets": [
            
        ]
    },
    {
        "id": 179,
        "firstName": "Peter",
        "lastName": "Rice",
        "address": "Suite 375 63416 Kilback Islands, Tobychester, CO 98333",
        "city": "Millieville",
        "telephone": "0428020",
        "pets": [
            
        ]
    },
    {
        "id": 180,
        "firstName": "Benny",
        "lastName": "Dickinson",
        "address": "Apt. 541 9121 Ebert Drive, Lake Miloton, MA 13242-0609",
        "city": "East Aida",
        "telephone": "4790372",
        "pets": [
            
        ]
    },
    {
        "id": 181,
        "firstName": "Lauren",
        "lastName": "Schaden",
        "address": "4382 Hoppe Hills, Lake Jonnie, IA 96609",
        "city": "Sherwoodshire",
        "telephone": "5343632",
        "pets": [
            
        ]
    },
    {
        "id": 182,
        "firstName": "Alishia",
        "lastName": "King",
        "address": "Apt. 878 27675 Lesli Green, Hesselhaven, CA 65584-2968",
        "city": "Parkerfort",
        "telephone": "8684814",
        "pets": [
            
        ]
    },
    {
        "id": 183,
        "firstName": "Marya",
        "lastName": "Jenkins",
        "address": "325 Sierra Stravenue, Oscarburgh, MI 25250",
        "city": "Ameetown",
        "telephone": "374481606",
        "pets": [
            
        ]
    },
    {
        "id": 184,
        "firstName": "Andres",
        "lastName": "Denesik",
        "address": "34807 Jon Valleys, Felixfurt, NV 31095-8270",
        "city": "Deloiseshire",
        "telephone": "4060608",
        "pets": [
            
        ]
    },
    {
        "id": 185,
        "firstName": "Else",
        "lastName": "Koch",
        "address": "Apt. 774 2602 O'Hara Shoal, North Louise, AZ 15458",
        "city": "Strackeland",
        "telephone": "1850731236",
        "pets": [
            
        ]
    },
    {
        "id": 186,
        "firstName": "Chung",
        "lastName": "Purdy",
        "address": "77245 Sherman Port, Emmerichville, MD 77360-3218",
        "city": "Moniquetown",
        "telephone": "886412731",
        "pets": [
            
        ]
    },
    {
        "id": 187,
        "firstName": "John",
        "lastName": "Cena",
        "address": "12 Oak Blvd.",
        "city": "DC",
        "telephone": "0744458744",
        "pets": [
            
        ]
    },
    {
        "id": 188,
        "firstName": "Renaldo",
        "lastName": "Kessler",
        "address": "715 Herzog Unions, Port Darren, AZ 40219",
        "city": "Kelseybury",
        "telephone": "1653433",
        "pets": [
            
        ]
    },
    {
        "id": 189,
        "firstName": "Florine",
        "lastName": "Wunsch",
        "address": "4286 Hane Ford, Lake Marshall, PA 50549",
        "city": "Abshirefurt",
        "telephone": "22643015",
        "pets": [
            
        ]
    },
    {
        "id": 190,
        "firstName": "Rodrick",
        "lastName": "Kerluke",
        "address": "Apt. 023 890 Verda Brooks, West Danaland, NV 31368-9687",
        "city": "West Delmer",
        "telephone": "691217502",
        "pets": [
            
        ]
    },
    {
        "id": 191,
        "firstName": "Loni",
        "lastName": "Dooley",
        "address": "2245 Kerluke Fields, Sherleymouth, HI 13905-7333",
        "city": "Hauckborough",
        "telephone": "830019763",
        "pets": [
            
        ]
    },
    {
        "id": 192,
        "firstName": "Lesley",
        "lastName": "Gutkowski",
        "address": "8775 Reuben Summit, Pagacview, OR 59448-9266",
        "city": "Port Dyan",
        "telephone": "9848514",
        "pets": [
            
        ]
    },
    {
        "id": 193,
        "firstName": "Marinda",
        "lastName": "Brekke",
        "address": "Apt. 677 35078 Mohr Stravenue, Lake Lannieville, RI 23269",
        "city": "Dennisport",
        "telephone": "83927505",
        "pets": [
            
        ]
    },
    {
        "id": 194,
        "firstName": "Joanie",
        "lastName": "O'Reilly",
        "address": "Apt. 032 700 Shanahan Greens, Elvialand, AK 10992",
        "city": "Kochberg",
        "telephone": "380847812",
        "pets": [
            
        ]
    },
    {
        "id": 195,
        "firstName": "Carri",
        "lastName": "Kris",
        "address": "2362 Wuckert Village, Desireeland, IL 60990-6486",
        "city": "Brockbury",
        "telephone": "896177261",
        "pets": [
            
        ]
    },
    {
        "id": 196,
        "firstName": "Kenia",
        "lastName": "Lynch",
        "address": "Suite 014 998 Blanda Cape, North Blaketown, NV 22962-3059",
        "city": "Funkshire",
        "telephone": "6811434",
        "pets": [
            
        ]
    },
    {
        "id": 197,
        "firstName": "John",
        "lastName": "Cena",
        "address": "12 Oak Blvd.",
        "city": "DC",
        "telephone": "0744458744",
        "pets": [
            
        ]
    },
    {
        "id": 198,
        "firstName": "Danielle",
        "lastName": "Jacobs",
        "address": "Suite 709 50015 Dooley Prairie, Nathanialfort, VA 49862-0716",
        "city": "West Allegrabury",
        "telephone": "585229232",
        "pets": [
            
        ]
    },
    {
        "id": 199,
        "firstName": "Leif",
        "lastName": "Kertzmann",
        "address": "Suite 665 559 Elden Rue, Creminfort, HI 50785",
        "city": "Schusterstad",
        "telephone": "986062632",
        "pets": [
            
        ]
    },
    {
        "id": 200,
        "firstName": "Ted",
        "lastName": "Rutherford",
        "address": "Suite 812 2721 Morris Roads, New Chungmouth, DE 29215",
        "city": "New Roccoton",
        "telephone": "777984476",
        "pets": [
            
        ]
    },
    {
        "id": 201,
        "firstName": "Mathew",
        "lastName": "Abbott",
        "address": "74313 Kenneth Flats, Palmerhaven, TX 36521-0767",
        "city": "D'Amorebury",
        "telephone": "2",
        "pets": [
            
        ]
    },
    {
        "id": 202,
        "firstName": "Nolan",
        "lastName": "Quigley",
        "address": "8594 Lashandra Avenue, Gabriellaside, ME 95697-1509",
        "city": "Port Mikkichester",
        "telephone": "382",
        "pets": [
            
        ]
    },
    {
        "id": 203,
        "firstName": "Kyle",
        "lastName": "Schmeler",
        "address": "712 Rodriguez Glen, O'Connerville, MI 07853-5711",
        "city": "Lake Jim",
        "telephone": "342",
        "pets": [
            
        ]
    },
    {
        "id": 204,
        "firstName": "Ivelisse",
        "lastName": "Larson",
        "address": "61814 Kub Walks, South Salvadormouth, MT 35828",
        "city": "Lake Maris",
        "telephone": "47297",
        "pets": [
            
        ]
    },
    {
        "id": 205,
        "firstName": "Keith",
        "lastName": "VonRueden",
        "address": "Suite 333 7664 Heller Plaza, South Lourdes, MA 50498-5264",
        "city": "West Alvaro",
        "telephone": "95",
        "pets": [
            
        ]
    },
    {
        "id": 206,
        "firstName": "Georgann",
        "lastName": "Fisher",
        "address": "Apt. 520 237 Abernathy Terrace, East Miranda, VT 42394",
        "city": "Julianton",
        "telephone": "322",
        "pets": [
            
        ]
    },
    {
        "id": 207,
        "firstName": "Marc",
        "lastName": "Kiehn",
        "address": "Suite 253 3696 Beahan Stravenue, West Divina, NY 02566",
        "city": "Lake Edward",
        "telephone": "85",
        "pets": [
            
        ]
    },
    {
        "id": 208,
        "firstName": "Rusty",
        "lastName": "Yost",
        "address": "35625 Weber Summit, South Bobbie, CO 58574-6624",
        "city": "Cruickshankchester",
        "telephone": "65",
        "pets": [
            
        ]
    },
    {
        "id": 209,
        "firstName": "Eugenia",
        "lastName": "Franecki",
        "address": "1731 Sheryll View, Lake Aubreystad, OR 05761-6321",
        "city": "Greenport",
        "telephone": "7",
        "pets": [
            
        ]
    },
    {
        "id": 210,
        "firstName": "Mollie",
        "lastName": "Kiehn",
        "address": "Suite 638 908 Mildred Rapid, Lake Katharina, VT 29984",
        "city": "Eldridgemouth",
        "telephone": "224",
        "pets": [
            
        ]
    },
    {
        "id": 211,
        "firstName": "Marion",
        "lastName": "Gleichner",
        "address": "277 Nienow Locks, Sadiemouth, VA 81257",
        "city": "Nicolasside",
        "telephone": "61",
        "pets": [
            
        ]
    },
    {
        "id": 212,
        "firstName": "Kanesha",
        "lastName": "Moen",
        "address": "Suite 229 3346 Block Crossroad, Curtisfort, LA 35892",
        "city": "East Drew",
        "telephone": "32796035",
        "pets": [
            
        ]
    },
    {
        "id": 213,
        "firstName": "Lamar",
        "lastName": "O'Hara",
        "address": "Suite 233 0565 Aufderhar Forges, West Aleida, DE 98635-3491",
        "city": "Champlinchester",
        "telephone": "694576177",
        "pets": [
            
        ]
    },
    {
        "id": 215,
        "firstName": "Talisha",
        "lastName": "Dach",
        "address": "Suite 178 14904 Adams Point, Reillyborough, VA 46549-4287",
        "city": "Phungberg",
        "telephone": "97917",
        "pets": [
            
        ]
    },
    {
        "id": 216,
        "firstName": "Joella",
        "lastName": "Nader",
        "address": "Apt. 571 53839 Hammes Fork, Walkerfurt, MS 81642-6715",
        "city": "Runolfsdottirstad",
        "telephone": "337228",
        "pets": [
            
        ]
    },
    {
        "id": 217,
        "firstName": "Elmo",
        "lastName": "Glover",
        "address": "2197 Blick River, New Sandy, MA 82209",
        "city": "North Johnniestad",
        "telephone": "74",
        "pets": [
            
        ]
    },
    {
        "id": 218,
        "firstName": "Miticaa",
        "lastName": "Dragosmir",
        "address": "Brutariee",
        "city": "Jilavaa",
        "telephone": "075833733",
        "pets": [
            
        ]
    },
    {
        "id": 219,
        "firstName": "Robyn",
        "lastName": "Hane",
        "address": "Suite 814 46273 Johanna Viaduct, Schusterville, KS 41490-8855",
        "city": "West Norbertoport",
        "telephone": "32440",
        "pets": [
            
        ]
    },
    {
        "id": 220,
        "firstName": "Miticaa",
        "lastName": "Dragosmir",
        "address": "Brutariee",
        "city": "Jilavaa",
        "telephone": "075833733",
        "pets": [
            
        ]
    },
    {
        "id": 221,
        "firstName": "Miticaa",
        "lastName": "Dragosmir",
        "address": "Brutariee",
        "city": "Jilavaa",
        "telephone": "075833733",
        "pets": [
            
        ]
    },
    {
        "id": 222,
        "firstName": "Miticaa",
        "lastName": "Dragosmir",
        "address": "Brutariee",
        "city": "Jilavaa",
        "telephone": "075833733",
        "pets": [
            
        ]
    },
    {
        "id": 224,
        "firstName": "Miticaa",
        "lastName": "Dragosmir",
        "address": "Brutariee",
        "city": "Jilavaa",
        "telephone": "075833733",
        "pets": [
            
        ]
    },
    {
        "id": 226,
        "firstName": "Clayton",
        "lastName": "Tremblay",
        "address": "63254 Marcelina Cape, East Ezramouth, MN 39593-6354",
        "city": "North Reidside",
        "telephone": "932527",
        "pets": [
            
        ]
    },
    {
        "id": 227,
        "firstName": "Regena",
        "lastName": "Armstrong",
        "address": "16001 Annetta Camp, Koeppmouth, AR 53190",
        "city": "Lake Deneenberg",
        "telephone": "05",
        "pets": [
            
        ]
    },
    {
        "id": 228,
        "firstName": "Marco",
        "lastName": "Hoeger",
        "address": "Suite 531 083 Emery Grove, East Marcellustown, MO 25914-0484",
        "city": "East Santo",
        "telephone": "625117",
        "pets": [
            
        ]
    },
    {
        "id": 229,
        "firstName": "Junior",
        "lastName": "McKenzie",
        "address": "0880 Jasper Overpass, O'Konstad, MT 61374-1656",
        "city": "New Vivien",
        "telephone": "279483221",
        "pets": [
            
        ]
    },
    {
        "id": 230,
        "firstName": "Phyllis",
        "lastName": "Conn",
        "address": "8895 Kermit Rapid, Emilioburgh, OK 14193-9950",
        "city": "Sherillport",
        "telephone": "4687",
        "pets": [
            
        ]
    },
    {
        "id": 231,
        "firstName": "Jared",
        "lastName": "Raynor",
        "address": "15775 Tanya Gardens, Andrebury, LA 19962-7256",
        "city": "Cummingsfort",
        "telephone": "3087752872",
        "pets": [
            
        ]
    },
    {
        "id": 232,
        "firstName": "Anjanette",
        "lastName": "Kunde",
        "address": "24198 Virgil Islands, Millerbury, TN 87492",
        "city": "Lynetteton",
        "telephone": "217203",
        "pets": [
            
        ]
    },
    {
        "id": 234,
        "firstName": "Mose",
        "lastName": "Thiel",
        "address": "Suite 636 2624 Darcey Avenue, Rowemouth, MN 21193-1238",
        "city": "Newtonfurt",
        "telephone": "77",
        "pets": [
            
        ]
    },
    {
        "id": 235,
        "firstName": "Griselda",
        "lastName": "Berge",
        "address": "49003 Cuc View, Violetaland, SD 95168-2673",
        "city": "Timothyport",
        "telephone": "882474",
        "pets": [
            
        ]
    },
    {
        "id": 236,
        "firstName": "Royce",
        "lastName": "Harris",
        "address": "89462 Adina Coves, Wardborough, MD 96113",
        "city": "Tommyefurt",
        "telephone": "4638",
        "pets": [
            
        ]
    },
    {
        "id": 237,
        "firstName": "Dinu",
        "lastName": "Dragomir",
        "address": "Piata",
        "city": "Jilava",
        "telephone": "032131231",
        "pets": [
            
        ]
    },
    {
        "id": 238,
        "firstName": "Louetta",
        "lastName": "Fadel",
        "address": "Apt. 978 3959 Jenni Knoll, North Dejafurt, OK 38526",
        "city": "West Linnie",
        "telephone": "6383937",
        "pets": [
            
        ]
    },
    {
        "id": 241,
        "firstName": "Vern",
        "lastName": "Huels",
        "address": "Apt. 308 9279 Altha Fork, Krystabury, WY 77600",
        "city": "Lake Laurenceville",
        "telephone": "783879317",
        "pets": [
            
        ]
    },
    {
        "id": 242,
        "firstName": "Julissa",
        "lastName": "Jaskolski",
        "address": "668 Deckow Island, West Scarlett, NV 56304-3040",
        "city": "New Antony",
        "telephone": "3761032237",
        "pets": [
            
        ]
    },
    {
        "id": 243,
        "firstName": "Pierre",
        "lastName": "Lind",
        "address": "Apt. 352 6784 Kristyn Way, Emmerichshire, DE 30036",
        "city": "East Jacqui",
        "telephone": "7560",
        "pets": [
            
        ]
    },
    {
        "id": 245,
        "firstName": "Gim",
        "lastName": "Jon",
        "address": "tot acolo",
        "city": "hell",
        "telephone": "125645",
        "pets": [
            
        ]
    },
    {
        "id": 246,
        "firstName": "Rodger",
        "lastName": "Altenwerth",
        "address": "Apt. 808 84470 Charlie Hollow, Steuberstad, AZ 84905-9235",
        "city": "Jameeborough",
        "telephone": "7323",
        "pets": [
            
        ]
    },
    {
        "id": 247,
        "firstName": "Priscila",
        "lastName": "Beahan",
        "address": "933 Murphy Summit, Rendastad, CT 96406",
        "city": "West Concepcionton",
        "telephone": "767",
        "pets": [
            
        ]
    },
    {
        "id": 248,
        "firstName": "Anderson",
        "lastName": "Gottlieb",
        "address": "Apt. 275 811 Ferry Summit, Marcosburgh, SD 33739",
        "city": "Kuhlmanmouth",
        "telephone": "7667334",
        "pets": [
            
        ]
    },
    {
        "id": 249,
        "firstName": "Sacha",
        "lastName": "Rosenbaum",
        "address": "001 Hand Ferry, South Wendi, VT 26098-7417",
        "city": "Leschside",
        "telephone": "51245",
        "pets": [
            
        ]
    },
    {
        "id": 250,
        "firstName": "Wilhemina",
        "lastName": "Ryan",
        "address": "Apt. 733 2707 Gerhold Curve, West Antoneview, NM 65128",
        "city": "New Joane",
        "telephone": "417420366",
        "pets": [
            
        ]
    },
    {
        "id": 252,
        "firstName": "Shaun",
        "lastName": "Blick",
        "address": "Apt. 721 597 Randall Harbor, Grantmouth, ME 40763",
        "city": "North Zelda",
        "telephone": "538875",
        "pets": [
            
        ]
    },
    {
        "id": 253,
        "firstName": "Gladis",
        "lastName": "Emmerich",
        "address": "Suite 286 3107 Chara Ridge, Dagmarton, WY 66185-1429",
        "city": "Hankchester",
        "telephone": "356",
        "pets": [
            
        ]
    },
    {
        "id": 254,
        "firstName": "Shu",
        "lastName": "Gulgowski",
        "address": "Apt. 599 78094 Idell Fields, South Tiarabury, NJ 86147",
        "city": "Millerville",
        "telephone": "2843994344",
        "pets": [
            
        ]
    },
    {
        "id": 256,
        "firstName": "Sarai",
        "lastName": "Stamm",
        "address": "0272 Blick Place, Port Ginette, NY 40398",
        "city": "New Stacey",
        "telephone": "98897",
        "pets": [
            
        ]
    },
    {
        "id": 257,
        "firstName": "Chang",
        "lastName": "Pfeffer",
        "address": "79847 Nicolas Coves, Eldridgeville, NV 78725",
        "city": "Conniefurt",
        "telephone": "7328565440",
        "pets": [
            
        ]
    },
    {
        "id": 258,
        "firstName": "Gim",
        "lastName": "Jon",
        "address": "tot acolo",
        "city": "hell",
        "telephone": "125645",
        "pets": [
            
        ]
    },
    {
        "id": 259,
        "firstName": "Piper",
        "lastName": "Price",
        "address": "Apt. 622 83757 Tillman Hollow, Kentport, OR 53586",
        "city": "Port Ezra",
        "telephone": "336",
        "pets": [
            
        ]
    },
    {
        "id": 261,
        "firstName": "Miticaa",
        "lastName": "Dragosmir",
        "address": "Brutariee",
        "city": "Jilavaa",
        "telephone": "075833733",
        "pets": [
            
        ]
    },
    {
        "id": 262,
        "firstName": "Clinton",
        "lastName": "Murphy",
        "address": "3011 Talia Mission, Lawandaland, MO 48052",
        "city": "Armstrongton",
        "telephone": "5982549",
        "pets": [
            
        ]
    },
    {
        "id": 263,
        "firstName": "Oda",
        "lastName": "Mosciski",
        "address": "Apt. 558 7365 Brigette Circles, Ernestinaville, NV 26160",
        "city": "Rowechester",
        "telephone": "1127544",
        "pets": [
            
        ]
    },
    {
        "id": 264,
        "firstName": "Steven",
        "lastName": "Metz",
        "address": "Suite 754 898 Spinka Summit, New Shaunna, RI 48159",
        "city": "Ullrichfort",
        "telephone": "7243",
        "pets": [
            
        ]
    },
    {
        "id": 265,
        "firstName": "John",
        "lastName": "Snow",
        "address": "LA",
        "city": "LA",
        "telephone": "0742555444",
        "pets": [
            
        ]
    },
    {
        "id": 266,
        "firstName": "Noah",
        "lastName": "Little",
        "address": "4270 Pagac Square, West Orval, TX 36249-6311",
        "city": "North Leonchester",
        "telephone": "7842145",
        "pets": [
            
        ]
    },
    {
        "id": 267,
        "firstName": "Gim",
        "lastName": "Jon",
        "address": "tot acolo",
        "city": "hell",
        "telephone": "125645",
        "pets": [
            
        ]
    },
    {
        "id": 268,
        "firstName": "Will",
        "lastName": "Hodkiewicz",
        "address": "2474 Robel Tunnel, New Kathrin, CT 31753-6192",
        "city": "Lake Elenorshire",
        "telephone": "5718381782",
        "pets": [
            
        ]
    },
    {
        "id": 269,
        "firstName": "Anibal",
        "lastName": "Mayer",
        "address": "165 Sherrell Valleys, Leannonchester, RI 42891-6948",
        "city": "East Callie",
        "telephone": "4381169",
        "pets": [
            
        ]
    },
    {
        "id": 270,
        "firstName": "Heike",
        "lastName": "Grady",
        "address": "Apt. 654 3248 Bosco Mall, Trevaburgh, NV 52079-8994",
        "city": "Lake Rosalie",
        "telephone": "71420542",
        "pets": [
            
        ]
    },
    {
        "id": 271,
        "firstName": "John",
        "lastName": "Snow",
        "address": "LA",
        "city": "LA",
        "telephone": "0742555444",
        "pets": [
            
        ]
    },
    {
        "id": 273,
        "firstName": "Gim",
        "lastName": "Jon",
        "address": "tot acolo",
        "city": "hell",
        "telephone": "125645",
        "pets": [
            
        ]
    },
    {
        "id": 274,
        "firstName": "Dinu",
        "lastName": "Dragomir",
        "address": "Piata",
        "city": "Jilava",
        "telephone": "032131231",
        "pets": [
            
        ]
    }
]
]]></system-out>
  </testcase>
  <testcase name="createPet" classname="com.endava.petclinic.FirstTest" time="0.138">
    <failure type="java.lang.AssertionError"><![CDATA[java.lang.AssertionError: 
1 expectation failed.
Expected status code <201> but was <400>.

	at com.endava.petclinic.FirstTest.createPet(FirstTest.java:109)
]]></failure>
    <system-out><![CDATA[Request method:	POST
Request URI:	http://bhdtest.endava.com:8080/petclinic/api/pets
Proxy:			<none>
Request params:	<none>
Query params:	<none>
Form params:	<none>
Path params:	<none>
Headers:		Accept=*/*
				Content-Type=application/json
Cookies:		<none>
Multiparts:		<none>
Body:
{
    "id": 3,
    "firstName": null,
    "lastName": null,
    "address": null,
    "city": null,
    "telephone": null
}
HTTP/1.1 400 Bad Request
Server: Apache-Coyote/1.1
Content-Type: application/json;charset=UTF-8
Content-Length: 63
Date: Mon, 31 Jan 2022 11:22:04 GMT

{
    "className": "java.lang.NullPointerException",
    "exMessage": null
}
]]></system-out>
  </testcase>
  <testcase name="deleteOwnerById" classname="com.endava.petclinic.FirstTest" time="0.119">
    <failure type="java.lang.AssertionError"><![CDATA[java.lang.AssertionError: 
1 expectation failed.
Expected status code <204> but was <404>.

	at com.endava.petclinic.FirstTest.deleteOwnerById(FirstTest.java:86)
]]></failure>
    <system-out><![CDATA[Request method:	DELETE
Request URI:	http://bhdtest.endava.com:8080/petclinic/api/owners/1
Proxy:			<none>
Request params:	<none>
Query params:	<none>
Form params:	<none>
Path params:	ownerId=1
Headers:		Accept=*/*
Cookies:		<none>
Multiparts:		<none>
Body:			<none>
HTTP/1.1 404 Not Found
Server: Apache-Coyote/1.1
Transfer-Encoding: chunked
Date: Mon, 31 Jan 2022 11:22:04 GMT
]]></system-out>
  </testcase>
</testsuite>