<?xml version="1.0" encoding="UTF-8"?>
<testsuite xmlns:xsi="http://www.w3.org/2001/XMLSchema-instance" xsi:noNamespaceSchemaLocation="https://maven.apache.org/surefire/maven-surefire-plugin/xsd/surefire-test-report-3.0.xsd" version="3.0" name="com.endava.petclinic.owner.CreateOwnerTest" time="0.252" tests="4" errors="4" skipped="0" failures="0">
  <properties>
[...]
</properties>
  <testcase name="shouldFailtoCreateOwnerGivenFewDigitsTelephone" classname="com.endava.petclinic.owner.CreateOwnerTest" time="0.098">
    <error type="java.lang.ExceptionInInitializerError"><![CDATA[java.lang.ExceptionInInitializerError
	at com.endava.petclinic.owner.CreateOwnerTest.shouldFailtoCreateOwnerGivenFewDigitsTelephone(CreateOwnerTest.java:43)
Caused by: java.lang.NullPointerException: inStream parameter is null
	at com.endava.petclinic.owner.CreateOwnerTest.shouldFailtoCreateOwnerGivenFewDigitsTelephone(CreateOwnerTest.java:43)
]]></error>
  </testcase>
  <testcase name="shouldFailToCreateOwnerEmptyFirstName" classname="com.endava.petclinic.owner.CreateOwnerTest" time="0.046">
    <error type="java.lang.NoClassDefFoundError"><![CDATA[java.lang.NoClassDefFoundError: Could not initialize class com.endava.petclinic.model.util.EnvReader
	at com.endava.petclinic.owner.CreateOwnerTest.shouldFailToCreateOwnerEmptyFirstName(CreateOwnerTest.java:33)
]]></error>
  </testcase>
  <testcase name="shouldFailtoCreateOwnerGivenManyDigitsTelephone" classname="com.endava.petclinic.owner.CreateOwnerTest" time="0.034">
    <error type="java.lang.NoClassDefFoundError"><![CDATA[java.lang.NoClassDefFoundError: Could not initialize class com.endava.petclinic.model.util.EnvReader
	at com.endava.petclinic.owner.CreateOwnerTest.shouldFailtoCreateOwnerGivenManyDigitsTelephone(CreateOwnerTest.java:53)
]]></error>
  </testcase>
  <testcase name="shouldCreateOwnerGivenValidData" classname="com.endava.petclinic.owner.CreateOwnerTest" time="0.039">
    <error type="java.lang.NoClassDefFoundError"><![CDATA[java.lang.NoClassDefFoundError: Could not initialize class com.endava.petclinic.model.util.EnvReader
	at com.endava.petclinic.owner.CreateOwnerTest.shouldCreateOwnerGivenValidData(CreateOwnerTest.java:20)
]]></error>
  </testcase>
</testsuite>